Arguments: 
  /home/dal/.nvm/versions/node/v12.13.1/bin/node /usr/share/yarn/bin/yarn.js add -D saass

PATH: 
  /home/dal/.composer/vendor/bin:/home/dal/.vscode-server/bin/e7d7e9a9348e6a8cc8c03f877d39cb72e5dfb1ff/bin:/home/dal/.composer/vendor/bin:/home/dal/.nvm/versions/node/v12.13.1/bin:/usr/local/sbin:/usr/local/bin:/usr/sbin:/usr/bin:/sbin:/bin:/usr/games:/usr/local/games:/usr/lib/wsl/lib:/mnt/c/Program Files (x86)/Razer Chroma SDK/bin:/mnt/c/Program Files/Razer Chroma SDK/bin:/mnt/c/Program Files (x86)/Common Files/Intel/Shared Libraries/redist/intel64/compiler:/mnt/c/Program Files (x86)/Razer/ChromaBroadcast/bin:/mnt/c/Program Files/Razer/ChromaBroadcast/bin:/mnt/c/Windows/system32:/mnt/c/Windows:/mnt/c/Windows/System32/Wbem:/mnt/c/Windows/System32/WindowsPowerShell/v1.0/:/mnt/c/Windows/System32/OpenSSH/:/mnt/c/Program Files (x86)/NVIDIA Corporation/PhysX/Common:/mnt/c/Program Files/NVIDIA Corporation/NVIDIA NvDLISR:/mnt/c/ProgramData/chocolatey/bin:/mnt/c/Program Files/Sublime Text 3:/mnt/c/WINDOWS/system32:/mnt/c/WINDOWS:/mnt/c/WINDOWS/System32/Wbem:/mnt/c/WINDOWS/System32/WindowsPowerShell/v1.0/:/mnt/c/WINDOWS/System32/OpenSSH/:/mnt/c/Users/Onyx/scoop/shims:/mnt/c/Users/Onyx/AppData/Local/Microsoft/WindowsApps:/mnt/c/Users/Onyx/AppData/Local/Programs/Microsoft VS Code/bin:/mnt/c/Program Files/JetBrains/WebStorm 2020.1.2/bin:/mnt/c/Program Files/dotnet/:/mnt/c/WINDOWS/system32/config/systemprofile/AppData/Local/Microsoft/WindowsApps:/mnt/c/WINDOWS/SysWOW64:/mnt/c/Program Files/Git/cmd:/mnt/c/WINDOWS/system32:/mnt/c/WINDOWS:/mnt/c/WINDOWS/System32/Wbem:/mnt/c/WINDOWS/System32/WindowsPowerShell/v1.0/:/mnt/c/WINDOWS/System32/OpenSSH/:/mnt/c/Users/Onyx/scoop/apps/nodejs/current:/mnt/c/Users/Onyx/scoop/apps/nodejs/current/bin:/mnt/c/Users/Onyx/AppData/Local/hyper/app-3.0.2/resources/bin:/mnt/c/Users/Onyx/AppData/Local/Microsoft/WindowsApps

Yarn version: 
  1.22.5

Node version: 
  12.13.1

Platform: 
  linux x64

Trace: 
  Error: https://registry.yarnpkg.com/saass: Not found
      at Request.params.callback [as _callback] (/usr/share/yarn/lib/cli.js:66988:18)
      at Request.self.callback (/usr/share/yarn/lib/cli.js:140749:22)
      at Request.emit (events.js:210:5)
      at Request.<anonymous> (/usr/share/yarn/lib/cli.js:141721:10)
      at Request.emit (events.js:210:5)
      at IncomingMessage.<anonymous> (/usr/share/yarn/lib/cli.js:141643:12)
      at Object.onceWrapper (events.js:299:28)
      at IncomingMessage.emit (events.js:215:7)
      at endReadableNT (_stream_readable.js:1184:12)
      at processTicksAndRejections (internal/process/task_queues.js:80:21)

npm manifest: 
  {
    "name": "zuju-theme",
    "version": "1.0.0",
    "main": "index.js",
    "license": "MIT",
    "scripts": {
      "sass:global": "sass --watch --update xpf-theme/sass:xpf-theme/css",
      "sass:module": "sass --watch --update xpf-theme/modules:xpf-theme/modules",
      "watch": "hs watch xpf-theme xpf-theme",
      "fetch:modules": "hs fetch xpf-theme/modules xpf-theme/modules --overwrite"
    }
  }

yarn manifest: 
  No manifest

Lockfile: 
  No lockfile
